SF:lib\src\fl_country_code_picker.dart
DA:36,1
DA:49,2
DA:50,1
DA:63,0
DA:72,0
DA:73,0
DA:139,0
DA:151,0
DA:152,0
DA:153,0
DA:157,0
DA:159,0
DA:165,0
DA:167,0
DA:176,0
DA:177,0
DA:178,0
DA:179,0
DA:180,0
DA:181,0
DA:182,0
DA:183,0
DA:184,0
DA:185,0
LF:24
LH:3
end_of_record
SF:lib\src\models\country_code.dart
DA:19,2
DA:26,2
DA:27,2
DA:28,2
DA:29,2
DA:30,2
DA:60,0
DA:61,0
DA:80,4
DA:84,1
DA:88,1
DA:93,1
DA:100,1
DA:104,1
DA:105,3
DA:106,3
DA:107,3
DA:110,1
DA:111,8
DA:114,1
DA:119,1
DA:120,1
DA:121,1
DA:122,1
DA:132,1
DA:138,1
DA:152,1
DA:154,1
DA:155,2
DA:156,1
DA:157,1
DA:158,1
DA:159,2
LF:33
LH:31
end_of_record
SF:lib\src\models\country_localizations.dart
DA:17,1
DA:23,0
DA:24,0
DA:37,1
DA:38,2
DA:39,3
DA:42,1
DA:43,1
DA:46,2
DA:50,0
DA:55,0
DA:56,0
DA:68,2
DA:70,1
DA:73,3
DA:75,1
DA:79,1
DA:80,1
DA:84,0
LF:19
LH:13
end_of_record
SF:lib\src\widgets\ccp_default_list_item_trailing.w.dart
DA:9,0
DA:16,0
DA:33,0
DA:35,0
DA:36,0
DA:37,0
DA:39,0
DA:41,0
DA:43,0
DA:44,0
DA:45,0
DA:46,0
DA:51,0
LF:13
LH:0
end_of_record
SF:lib\src\widgets\ccp_default_modal_title.w.dart
DA:8,2
DA:10,0
LF:2
LH:1
end_of_record
SF:lib\src\widgets\ccp_default_search_bar.w.dart
DA:27,0
DA:31,0
DA:39,0
DA:41,0
DA:43,0
DA:44,0
DA:45,0
LF:7
LH:0
end_of_record
SF:lib\src\widgets\country_code_picker_modal.dart
DA:15,0
DA:27,0
DA:59,0
DA:60,0
DA:68,0
DA:70,0
DA:71,0
DA:74,0
DA:75,0
DA:76,0
DA:78,0
DA:79,0
DA:80,0
DA:82,0
DA:83,0
DA:84,0
DA:85,0
DA:88,0
DA:90,0
DA:91,0
DA:94,0
DA:95,0
DA:97,0
DA:98,0
DA:99,0
DA:102,0
DA:109,0
DA:111,0
DA:114,0
DA:115,0
DA:116,0
DA:117,0
DA:118,0
DA:119,0
DA:120,0
DA:121,0
DA:122,0
DA:123,0
DA:124,0
DA:125,0
DA:126,0
DA:127,0
DA:128,0
DA:129,0
DA:130,0
DA:134,0
DA:137,0
DA:138,0
DA:139,0
DA:140,0
DA:141,0
DA:142,0
DA:144,0
DA:146,0
DA:147,0
DA:148,0
DA:149,0
DA:150,0
DA:152,0
DA:153,0
DA:154,0
DA:155,0
LF:62
LH:0
end_of_record
